# JRE version: Java(TM) SE Runtime Environment 18.9 (11.0.9+7) (build 11.0.9+7-LTS)
# Java VM: Java HotSpot(TM) 64-Bit Server VM 18.9 (11.0.9+7-LTS, mixed mode, tiered, compressed oops, g1 gc, windows-amd64)
Heap:
 garbage-first heap   total 260096K, used 54606K [0x0000000080000000, 0x0000000100000000)
  region size 1024K, 38 young (38912K), 2 survivors (2048K)
 Metaspace       used 28114K, capacity 28837K, committed 29184K, reserved 1075200K
  class space    used 3735K, capacity 3995K, committed 4096K, reserved 1048576K
GC Heap History (6 events):
Event: 0.565 GC heap before
{Heap before GC invocations=0 (full 0):
 garbage-first heap   total 260096K, used 27648K [0x0000000080000000, 0x0000000100000000)
  region size 1024K, 22 young (22528K), 0 survivors (0K)
 Metaspace       used 9597K, capacity 9805K, committed 10112K, reserved 1058816K
  class space    used 987K, capacity 1036K, committed 1152K, reserved 1048576K
}
Event: 0.572 GC heap after
{Heap after GC invocations=1 (full 0):
 garbage-first heap   total 260096K, used 8998K [0x0000000080000000, 0x0000000100000000)
  region size 1024K, 3 young (3072K), 3 survivors (3072K)
 Metaspace       used 9597K, capacity 9805K, committed 10112K, reserved 1058816K
  class space    used 987K, capacity 1036K, committed 1152K, reserved 1048576K
}
Event: 2.643 GC heap before
{Heap before GC invocations=1 (full 0):
 garbage-first heap   total 260096K, used 107302K [0x0000000080000000, 0x0000000100000000)
  region size 1024K, 100 young (102400K), 3 survivors (3072K)
 Metaspace       used 20619K, capacity 21131K, committed 21248K, reserved 1067008K
  class space    used 2517K, capacity 2719K, committed 2816K, reserved 1048576K
}
Event: 2.651 GC heap after
{Heap after GC invocations=2 (full 0):
 garbage-first heap   total 260096K, used 16376K [0x0000000080000000, 0x0000000100000000)
  region size 1024K, 11 young (11264K), 11 survivors (11264K)
 Metaspace       used 20619K, capacity 21131K, committed 21248K, reserved 1067008K
  class space    used 2517K, capacity 2719K, committed 2816K, reserved 1048576K
}
Event: 3.046 GC heap before
{Heap before GC invocations=3 (full 0):
 garbage-first heap   total 260096K, used 60408K [0x0000000080000000, 0x0000000100000000)
  region size 1024K, 54 young (55296K), 11 survivors (11264K)
 Metaspace       used 25023K, capacity 25584K, committed 25728K, reserved 1071104K
  class space    used 3236K, capacity 3420K, committed 3456K, reserved 1048576K
}
Event: 3.051 GC heap after
{Heap after GC invocations=4 (full 0):
 garbage-first heap   total 260096K, used 18766K [0x0000000080000000, 0x0000000100000000)
  region size 1024K, 2 young (2048K), 2 survivors (2048K)
 Metaspace       used 25023K, capacity 25584K, committed 25728K, reserved 1071104K
  class space    used 3236K, capacity 3420K, committed 3456K, reserved 1048576K
}

